Start testing: May 19 12:02 CEST
----------------------------------------------------------
1/1 Testing: UnitTests
1/1 Test: UnitTests
Command: "/home/frekn832/cbls/build/runUnitTests"
Directory: /home/frekn832/cbls/build
"UnitTests" start time: May 19 12:02 CEST
Output:
----------------------------------------------------------
Running main() from /home/frekn832/cbls/ext/googletest/googletest/src/gtest_main.cc
[==========] Running 4 tests from 1 test suite.
[----------] Global test environment set-up.
[----------] 4 tests from IntDomainTest
[ RUN      ] IntDomainTest.EmptyIntDomain
[       OK ] IntDomainTest.EmptyIntDomain (0 ms)
[ RUN      ] IntDomainTest.SingleIntDomain
[       OK ] IntDomainTest.SingleIntDomain (0 ms)
[ RUN      ] IntDomainTest.SingleRangeIntDomain
[       OK ] IntDomainTest.SingleRangeIntDomain (0 ms)
[ RUN      ] IntDomainTest.IntDomain
[       OK ] IntDomainTest.IntDomain (0 ms)
[----------] 4 tests from IntDomainTest (0 ms total)

[----------] Global test environment tear-down
[==========] 4 tests from 1 test suite ran. (0 ms total)
[  PASSED  ] 4 tests.
<end of output>
Test time =   0.00 sec
----------------------------------------------------------
Test Passed.
"UnitTests" end time: May 19 12:02 CEST
"UnitTests" time elapsed: 00:00:00
----------------------------------------------------------

End testing: May 19 12:02 CEST
